<?xml version="1.0" encoding="UTF-8"?>
<!-- Generated by org.testng.reporters.JUnitXMLReporter -->
<testsuite ignored="0" hostname="Sunil-Yadav-PC" failures="1" tests="2" name="Test(failed)" time="20.086" errors="0" timestamp="2025-07-29T19:18:59 IST">
  <testcase classname="testCases.TC003loginDDT" name="varify_loginDDT" time="1.887"/>
  <testcase classname="testCases.TC003loginDDT" name="varify_loginDDT" time="11.471">
    <failure type="java.lang.AssertionError" message="expected [true] but found [false]">
      <![CDATA[java.lang.AssertionError: expected [true] but found [false]
at testCases.TC003loginDDT.varify_loginDDT(TC003loginDDT.java:37)
at java.base/java.util.ArrayList.forEach(ArrayList.java:1541)
... Removed 31 stack frames]]>
    </failure>
  </testcase> <!-- varify_loginDDT -->
</testsuite> <!-- Test(failed) -->
